#
# There is insufficient memory for the Java Runtime Environment to continue.
# Native memory allocation (malloc) failed to allocate 933056 bytes for Chunk::new
# Possible reasons:
#   The system is out of physical RAM or swap space
#   The process is running with CompressedOops enabled, and the Java Heap may be blocking the growth of the native heap
# Possible solutions:
#   Reduce memory load on the system
#   Increase physical memory or swap space
#   Check if swap backing store is full
#   Decrease Java heap size (-Xmx/-Xms)
#   Decrease number of Java threads
#   Decrease Java thread stack sizes (-Xss)
#   Set larger code cache with -XX:ReservedCodeCacheSize=
#   JVM is running with Unscaled Compressed Oops mode in which the Java heap is
#     placed in the first 4GB address space. The Java Heap base address is the
#     maximum limit for the native heap growth. Please use -XX:HeapBaseMinAddress
#     to set the Java Heap base and to place the Java Heap above 4GB virtual address.
# This output file may be truncated or incomplete.
#
#  Out of Memory Error (allocation.cpp:389), pid=7732, tid=0x00000000000024a4
#
# JRE version: OpenJDK Runtime Environment (8.0_242-b01) (build 1.8.0_242-release-1644-b01)
# Java VM: OpenJDK 64-Bit Server VM (25.242-b01 mixed mode windows-amd64 compressed oops)
# Failed to write core dump. Minidumps are not enabled by default on client versions of Windows
#

---------------  T H R E A D  ---------------

Current thread (0x0000000017608800):  JavaThread "C2 CompilerThread0" daemon [_thread_in_native, id=9380, stack(0x0000000018c70000,0x0000000018d70000)]

Stack: [0x0000000018c70000,0x0000000018d70000]
[error occurred during error reporting (printing stack bounds), id 0xc0000005]

Native frames: (J=compiled Java code, j=interpreted, Vv=VM code, C=native code)


Current CompileTask:
C2:   9909 2934       4       groovy.lang.MetaClassImpl$1MOPIter::methodNameAction (325 bytes)


---------------  P R O C E S S  ---------------

Java Threads: ( => current thread )
  0x000000001b481000 JavaThread "Cache worker for execution history cache (C:\Users\Qamar\.gradle\caches\6.1.1\executionHistory)" [_thread_blocked, id=19464, stack(0x0000000021000000,0x0000000021100000)]
  0x000000001b482000 JavaThread "Cache worker for cache directory md-rule (C:\Users\Qamar\.gradle\caches\6.1.1\md-rule)" [_thread_blocked, id=21324, stack(0x0000000020f00000,0x0000000021000000)]
  0x000000001b482800 JavaThread "Cache worker for cache directory md-supplier (C:\Users\Qamar\.gradle\caches\6.1.1\md-supplier)" [_thread_blocked, id=10324, stack(0x000000001fd80000,0x000000001fe80000)]
  0x000000001b484000 JavaThread "Cache worker for file hash cache (E:\Qamar\FirstCode\SSOTWithDaggerCleanAtchitecture\.gradle\6.1.1\fileHashes)" [_thread_blocked, id=3300, stack(0x000000001f880000,0x000000001f980000)]
  0x000000001b488000 JavaThread "Cache worker for checksums cache (E:\Qamar\FirstCode\SSOTWithDaggerCleanAtchitecture\.gradle\checksums)" [_thread_blocked, id=6552, stack(0x000000001f780000,0x000000001f880000)]
  0x000000001b486800 JavaThread "Cache worker for file hash cache (C:\Users\Qamar\.gradle\caches\6.1.1\fileHashes)" [_thread_blocked, id=18812, stack(0x000000001e3b0000,0x000000001e4b0000)]
  0x000000001b485800 JavaThread "File lock request listener" [_thread_in_native, id=11296, stack(0x000000001d2e0000,0x000000001d3e0000)]
  0x000000001b4aa800 JavaThread "Cache worker for journal cache (C:\Users\Qamar\.gradle\caches\journal-1)" [_thread_blocked, id=20248, stack(0x000000001d1e0000,0x000000001d2e0000)]
  0x000000001a8ad000 JavaThread "Thread-9" [_thread_blocked, id=22428, stack(0x000000001cee0000,0x000000001cfe0000)]
  0x000000001b263800 JavaThread "Stdin handler" [_thread_blocked, id=22432, stack(0x000000001cde0000,0x000000001cee0000)]
  0x000000001b262800 JavaThread "Asynchronous log dispatcher for DefaultDaemonConnection: socket connection from /127.0.0.1:49397 to /127.0.0.1:49398" [_thread_blocked, id=22448, stack(0x000000001cce0000,0x000000001cde0000)]
  0x000000001b2fb000 JavaThread "Daemon worker" [_thread_in_Java, id=15064, stack(0x000000001cbe0000,0x000000001cce0000)]
  0x000000001b2f9800 JavaThread "Cancel handler" [_thread_blocked, id=22408, stack(0x000000001cae0000,0x000000001cbe0000)]
  0x000000001b279000 JavaThread "Handler for socket connection from /127.0.0.1:49397 to /127.0.0.1:49398" [_thread_in_native, id=22416, stack(0x000000001c7e0000,0x000000001c8e0000)]
  0x000000001b23e000 JavaThread "Daemon" [_thread_blocked, id=22420, stack(0x000000001c6e0000,0x000000001c7e0000)]
  0x000000001b1be800 JavaThread "Daemon periodic checks" [_thread_blocked, id=10068, stack(0x000000001c5e0000,0x000000001c6e0000)]
  0x000000001b1cb800 JavaThread "Incoming local TCP Connector on port 49397" [_thread_in_native, id=21360, stack(0x0000000019670000,0x0000000019770000)]
  0x0000000019043800 JavaThread "Daemon health stats" [_thread_blocked, id=15252, stack(0x0000000019570000,0x0000000019670000)]
  0x000000001765b000 JavaThread "Service Thread" daemon [_thread_blocked, id=7748, stack(0x0000000019370000,0x0000000019470000)]
  0x0000000017616000 JavaThread "C1 CompilerThread2" daemon [_thread_in_native, id=5276, stack(0x0000000018e70000,0x0000000018f70000)]
  0x0000000017613000 JavaThread "C2 CompilerThread1" daemon [_thread_in_native, id=16588, stack(0x0000000018d70000,0x0000000018e70000)]
=>0x0000000017608800 JavaThread "C2 CompilerThread0" daemon [_thread_in_native, id=9380, stack(0x0000000018c70000,0x0000000018d70000)]
  0x0000000017604800 JavaThread "Attach Listener" daemon [_thread_blocked, id=9772, stack(0x0000000018b70000,0x0000000018c70000)]
  0x0000000017603800 JavaThread "Signal Dispatcher" daemon [_thread_blocked, id=19792, stack(0x0000000018a70000,0x0000000018b70000)]
  0x00000000029dc800 JavaThread "Finalizer" daemon [_thread_blocked, id=16992, stack(0x0000000018870000,0x0000000018970000)]
  0x00000000175e9000 JavaThread "Reference Handler" daemon [_thread_blocked, id=15144, stack(0x0000000018770000,0x0000000018870000)]
  0x00000000028e2800 JavaThread "main" [_thread_blocked, id=17876, stack(0x00000000027e0000,0x00000000028e0000)]

Other Threads:
  0x00000000175c6000 VMThread [stack: 0x0000000018670000,0x0000000018770000] [id=13572]
  0x000000001765c800 WatcherThread [stack: 0x0000000019470000,0x0000000019570000] [id=9812]

VM state:not at safepoint (normal execution)

VM Mutex/Monitor currently owned by a thread: None

heap address: 0x0000000080000000, size: 2048 MB, Compressed Oops mode: 32-bit
Narrow klass base: 0x0000000000000000, Narrow klass shift: 3
Compressed class space size: 1073741824 Address: 0x0000000100000000

Heap:
 PSYoungGen      total 112640K, used 15749K [0x00000000d5580000, 0x00000000dfa00000, 0x0000000100000000)
  eden space 100864K, 15% used [0x00000000d5580000,0x00000000d64e1660,0x00000000db800000)
  from space 11776K, 0% used [0x00000000db800000,0x00000000db800000,0x00000000dc380000)
  to   space 11776K, 0% used [0x00000000dee80000,0x00000000dee80000,0x00000000dfa00000)
 ParOldGen       total 60416K, used 15075K [0x0000000080000000, 0x0000000083b00000, 0x00000000d5580000)
  object space 60416K, 24% used [0x0000000080000000,0x0000000080eb8ff0,0x0000000083b00000)
 Metaspace       used 35239K, capacity 36102K, committed 36272K, reserved 1081344K
  class space    used 4654K, capacity 4949K, committed 5040K, reserved 1048576K

Card table byte_map: [0x0000000011da0000,0x00000000121b0000] byte_map_base: 0x00000000119a0000

Marking Bits: (ParMarkBitMap*) 0x00000000658ff030
 Begin Bits: [0x0000000012860000, 0x0000000014860000)
 End Bits:   [0x0000000014860000, 0x0000000016860000)

Polling page: 0x0000000000ee0000

CodeCache: size=245760Kb used=11166Kb max_used=11166Kb free=234593Kb
 bounds [0x00000000029e0000, 0x00000000034d0000, 0x00000000119e0000]
 total_blobs=3635 nmethods=2920 adapters=628
 compilation: enabled

Compilation events (10 events):
Event: 9.904 Thread 0x0000000017616000 3172       3       org.codehaus.groovy.ast.ClassNode::getPlainNodeReference (64 bytes)
Event: 9.904 Thread 0x0000000017616000 nmethod 3172 0x00000000034c8290 code [0x00000000034c84a0, 0x00000000034c9238]
Event: 9.905 Thread 0x0000000017616000 3173       3       org.codehaus.groovy.vmplugin.v5.Java5::makeClassNode (58 bytes)
Event: 9.905 Thread 0x0000000017616000 nmethod 3173 0x00000000034c9750 code [0x00000000034c9960, 0x00000000034ca4a8]
Event: 9.906 Thread 0x0000000017616000 3174       3       groovyjarjarasm.asm.Frame::merge (395 bytes)
Event: 9.907 Thread 0x0000000017616000 nmethod 3174 0x00000000034ca8d0 code [0x00000000034cab40, 0x00000000034cb8b8]
Event: 9.907 Thread 0x0000000017616000 3175       1       org.codehaus.groovy.classgen.asm.BytecodeVariable::isHolder (5 bytes)
Event: 9.907 Thread 0x0000000017616000 nmethod 3175 0x00000000034cc210 code [0x00000000034cc360, 0x00000000034cc470]
Event: 9.908 Thread 0x0000000017616000 3176       3       groovyjarjarasm.asm.SymbolTable::addConstantClass (8 bytes)
Event: 9.908 Thread 0x0000000017616000 nmethod 3176 0x00000000034cc4d0 code [0x00000000034cc640, 0x00000000034cc7c8]

GC Heap History (10 events):
Event: 5.776 GC heap before
{Heap before GC invocations=7 (full 1):
 PSYoungGen      total 75264K, used 9230K [0x00000000d5580000, 0x00000000dad80000, 0x0000000100000000)
  eden space 65024K, 0% used [0x00000000d5580000,0x00000000d5580000,0x00000000d9500000)
  from space 10240K, 90% used [0x00000000da080000,0x00000000da9839b8,0x00000000daa80000)
  to   space 11776K, 0% used [0x00000000d9500000,0x00000000d9500000,0x00000000da080000)
 ParOldGen       total 87552K, used 7034K [0x0000000080000000, 0x0000000085580000, 0x00000000d5580000)
  object space 87552K, 8% used [0x0000000080000000,0x00000000806deb70,0x0000000085580000)
 Metaspace       used 20527K, capacity 21230K, committed 21296K, reserved 1067008K
  class space    used 2879K, capacity 3095K, committed 3120K, reserved 1048576K
Event: 5.828 GC heap after
Heap after GC invocations=7 (full 1):
 PSYoungGen      total 75264K, used 0K [0x00000000d5580000, 0x00000000dad80000, 0x0000000100000000)
  eden space 65024K, 0% used [0x00000000d5580000,0x00000000d5580000,0x00000000d9500000)
  from space 10240K, 0% used [0x00000000da080000,0x00000000da080000,0x00000000daa80000)
  to   space 11776K, 0% used [0x00000000d9500000,0x00000000d9500000,0x00000000da080000)
 ParOldGen       total 60416K, used 9811K [0x0000000080000000, 0x0000000083b00000, 0x00000000d5580000)
  object space 60416K, 16% used [0x0000000080000000,0x0000000080994ce0,0x0000000083b00000)
 Metaspace       used 20527K, capacity 21230K, committed 21296K, reserved 1067008K
  class space    used 2879K, capacity 3095K, committed 3120K, reserved 1048576K
}
Event: 7.693 GC heap before
{Heap before GC invocations=8 (full 1):
 PSYoungGen      total 75264K, used 65024K [0x00000000d5580000, 0x00000000dad80000, 0x0000000100000000)
  eden space 65024K, 100% used [0x00000000d5580000,0x00000000d9500000,0x00000000d9500000)
  from space 10240K, 0% used [0x00000000da080000,0x00000000da080000,0x00000000daa80000)
  to   space 11776K, 0% used [0x00000000d9500000,0x00000000d9500000,0x00000000da080000)
 ParOldGen       total 60416K, used 9811K [0x0000000080000000, 0x0000000083b00000, 0x00000000d5580000)
  object space 60416K, 16% used [0x0000000080000000,0x0000000080994ce0,0x0000000083b00000)
 Metaspace       used 28170K, capacity 28944K, committed 29232K, reserved 1075200K
  class space    used 3877K, capacity 4105K, committed 4144K, reserved 1048576K
Event: 7.703 GC heap after
Heap after GC invocations=8 (full 1):
 PSYoungGen      total 76800K, used 7858K [0x00000000d5580000, 0x00000000dd000000, 0x0000000100000000)
  eden space 65024K, 0% used [0x00000000d5580000,0x00000000d5580000,0x00000000d9500000)
  from space 11776K, 66% used [0x00000000d9500000,0x00000000d9cac958,0x00000000da080000)
  to   space 11776K, 0% used [0x00000000dc480000,0x00000000dc480000,0x00000000dd000000)
 ParOldGen       total 60416K, used 9819K [0x0000000080000000, 0x0000000083b00000, 0x00000000d5580000)
  object space 60416K, 16% used [0x0000000080000000,0x0000000080996ce0,0x0000000083b00000)
 Metaspace       used 28170K, capacity 28944K, committed 29232K, reserved 1075200K
  class space    used 3877K, capacity 4105K, committed 4144K, reserved 1048576K
}
Event: 9.226 GC heap before
{Heap before GC invocations=9 (full 1):
 PSYoungGen      total 76800K, used 72882K [0x00000000d5580000, 0x00000000dd000000, 0x0000000100000000)
  eden space 65024K, 100% used [0x00000000d5580000,0x00000000d9500000,0x00000000d9500000)
  from space 11776K, 66% used [0x00000000d9500000,0x00000000d9cac958,0x00000000da080000)
  to   space 11776K, 0% used [0x00000000dc480000,0x00000000dc480000,0x00000000dd000000)
 ParOldGen       total 60416K, used 9819K [0x0000000080000000, 0x0000000083b00000, 0x00000000d5580000)
  object space 60416K, 16% used [0x0000000080000000,0x0000000080996ce0,0x0000000083b00000)
 Metaspace       used 33246K, capacity 34062K, committed 34224K, reserved 1079296K
  class space    used 4457K, capacity 4706K, committed 4784K, reserved 1048576K
Event: 9.239 GC heap after
Heap after GC invocations=9 (full 1):
 PSYoungGen      total 111616K, used 8928K [0x00000000d5580000, 0x00000000dcf00000, 0x0000000100000000)
  eden space 100864K, 0% used [0x00000000d5580000,0x00000000d5580000,0x00000000db800000)
  from space 10752K, 83% used [0x00000000dc480000,0x00000000dcd38300,0x00000000dcf00000)
  to   space 11776K, 0% used [0x00000000db800000,0x00000000db800000,0x00000000dc380000)
 ParOldGen       total 60416K, used 9827K [0x0000000080000000, 0x0000000083b00000, 0x00000000d5580000)
  object space 60416K, 16% used [0x0000000080000000,0x0000000080998ce0,0x0000000083b00000)
 Metaspace       used 33246K, capacity 34062K, committed 34224K, reserved 1079296K
  class space    used 4457K, capacity 4706K, committed 4784K, reserved 1048576K
}
Event: 9.532 GC heap before
{Heap before GC invocations=10 (full 1):
 PSYoungGen      total 111616K, used 20789K [0x00000000d5580000, 0x00000000dcf00000, 0x0000000100000000)
  eden space 100864K, 11% used [0x00000000d5580000,0x00000000d6115220,0x00000000db800000)
  from space 10752K, 83% used [0x00000000dc480000,0x00000000dcd38300,0x00000000dcf00000)
  to   space 11776K, 0% used [0x00000000db800000,0x00000000db800000,0x00000000dc380000)
 ParOldGen       total 60416K, used 9827K [0x0000000080000000, 0x0000000083b00000, 0x00000000d5580000)
  object space 60416K, 16% used [0x0000000080000000,0x0000000080998ce0,0x0000000083b00000)
 Metaspace       used 34537K, capacity 35386K, committed 35496K, reserved 1079296K
  class space    used 4581K, capacity 4868K, committed 4912K, reserved 1048576K
Event: 9.551 GC heap after
Heap after GC invocations=10 (full 1):
 PSYoungGen      total 112640K, used 7457K [0x00000000d5580000, 0x00000000dfa00000, 0x0000000100000000)
  eden space 100864K, 0% used [0x00000000d5580000,0x00000000d5580000,0x00000000db800000)
  from space 11776K, 63% used [0x00000000db800000,0x00000000dbf48620,0x00000000dc380000)
  to   space 11776K, 0% used [0x00000000dee80000,0x00000000dee80000,0x00000000dfa00000)
 ParOldGen       total 60416K, used 9835K [0x0000000080000000, 0x0000000083b00000, 0x00000000d5580000)
  object space 60416K, 16% used [0x0000000080000000,0x000000008099ace0,0x0000000083b00000)
 Metaspace       used 34537K, capacity 35386K, committed 35496K, reserved 1079296K
  class space    used 4581K, capacity 4868K, committed 4912K, reserved 1048576K
}
Event: 9.551 GC heap before
{Heap before GC invocations=11 (full 2):
 PSYoungGen      total 112640K, used 7457K [0x00000000d5580000, 0x00000000dfa00000, 0x0000000100000000)
  eden space 100864K, 0% used [0x00000000d5580000,0x00000000d5580000,0x00000000db800000)
  from space 11776K, 63% used [0x00000000db800000,0x00000000dbf48620,0x00000000dc380000)
  to   space 11776K, 0% used [0x00000000dee80000,0x00000000dee80000,0x00000000dfa00000)
 ParOldGen       total 60416K, used 9835K [0x0000000080000000, 0x0000000083b00000, 0x00000000d5580000)
  object space 60416K, 16% used [0x0000000080000000,0x000000008099ace0,0x0000000083b00000)
 Metaspace       used 34537K, capacity 35386K, committed 35496K, reserved 1079296K
  class space    used 4581K, capacity 4868K, committed 4912K, reserved 1048576K
Event: 9.620 GC heap after
Heap after GC invocations=11 (full 2):
 PSYoungGen      total 112640K, used 0K [0x00000000d5580000, 0x00000000dfa00000, 0x0000000100000000)
  eden space 100864K, 0% used [0x00000000d5580000,0x00000000d5580000,0x00000000db800000)
  from space 11776K, 0% used [0x00000000db800000,0x00000000db800000,0x00000000dc380000)
  to   space 11776K, 0% used [0x00000000dee80000,0x00000000dee80000,0x00000000dfa00000)
 ParOldGen       total 60416K, used 15075K [0x0000000080000000, 0x0000000083b00000, 0x00000000d5580000)
  object space 60416K, 24% used [0x0000000080000000,0x0000000080eb8ff0,0x0000000083b00000)
 Metaspace       used 34537K, capacity 35386K, committed 35496K, reserved 1079296K
  class space    used 4581K, capacity 4868K, committed 4912K, reserved 1048576K
}

Deoptimization events (10 events):
Event: 6.802 Thread 0x000000001b2fb000 Uncommon trap: reason=bimorphic action=maybe_recompile pc=0x000000000302d9d0 method=java.io.BufferedInputStream.read([BII)I @ 101
Event: 7.704 Thread 0x00000000175e9000 Uncommon trap: reason=unstable_if action=reinterpret pc=0x0000000002fd4bbc method=java.lang.ref.Reference.tryHandlePending(Z)Z @ 104
Event: 7.712 Thread 0x000000001b2fb000 Uncommon trap: reason=unstable_if action=reinterpret pc=0x0000000002ef1eb8 method=java.lang.String.regionMatches(ZILjava/lang/String;II)Z @ 41
Event: 8.842 Thread 0x000000001b2fb000 Uncommon trap: reason=unstable_if action=reinterpret pc=0x0000000002c0097c method=jdk.internal.org.objectweb.asm.Type.getArgumentsAndReturnSizes(Ljava/lang/String;)I @ 88
Event: 9.248 Thread 0x000000001b2fb000 Uncommon trap: reason=predicate action=maybe_recompile pc=0x0000000002c94070 method=groovyjarjarantlr.InputBuffer.syncConsume()V @ 7
Event: 9.248 Thread 0x000000001b2fb000 Uncommon trap: reason=predicate action=maybe_recompile pc=0x0000000002b4d094 method=groovyjarjarantlr.InputBuffer.syncConsume()V @ 7
Event: 9.248 Thread 0x000000001b2fb000 Uncommon trap: reason=predicate action=maybe_recompile pc=0x0000000002e82c74 method=groovyjarjarantlr.InputBuffer.syncConsume()V @ 7
Event: 9.332 Thread 0x000000001b2fb000 Uncommon trap: reason=unstable_if action=reinterpret pc=0x0000000003198e70 method=sun.misc.MetaIndex.mayContain(Ljava/lang/String;)Z @ 38
Event: 9.762 Thread 0x000000001b2fb000 Uncommon trap: reason=unstable_if action=reinterpret pc=0x0000000002e26a30 method=groovyjarjarantlr.CharQueue.append(C)V @ 9
Event: 9.768 Thread 0x000000001b2fb000 Uncommon trap: reason=unstable_if action=reinterpret pc=0x0000000002d32edc method=java.io.StringReader.read()I @ 19

Classes redefined (0 events):
No events

Internal exceptions (10 events):
Event: 9.037 Thread 0x000000001b2fb000 Exception <a 'java/lang/ClassNotFoundException': sync_studio_tooling17372_1vf05ngykmp3qfk21fvn545daBeanInfo> (0x00000000d8baf398) thrown at [C:\src\AOSP-openjdk-git\hotspot\src\share\vm\classfile\systemDictionary.cpp, line 210]
Event: 9.038 Thread 0x000000001b2fb000 Exception <a 'java/lang/ClassNotFoundException': sync_studio_tooling17372_1vf05ngykmp3qfk21fvn545daCustomizer> (0x00000000d8bbec00) thrown at [C:\src\AOSP-openjdk-git\hotspot\src\share\vm\classfile\systemDictionary.cpp, line 210]
Event: 9.057 Thread 0x000000001b2fb000 Exception <a 'java/lang/ClassNotFoundException': org/gradle/invocation/DefaultGradle_DecoratedBeanInfo> (0x00000000d8d13148) thrown at [C:\src\AOSP-openjdk-git\hotspot\src\share\vm\classfile\systemDictionary.cpp, line 210]
Event: 9.059 Thread 0x000000001b2fb000 Exception <a 'java/lang/ClassNotFoundException': org/gradle/invocation/DefaultGradleBeanInfo> (0x00000000d8d3cd70) thrown at [C:\src\AOSP-openjdk-git\hotspot\src\share\vm\classfile\systemDictionary.cpp, line 210]
Event: 9.060 Thread 0x000000001b2fb000 Exception <a 'java/lang/ClassNotFoundException': org/gradle/api/internal/project/AbstractPluginAwareBeanInfo> (0x00000000d8d6f828) thrown at [C:\src\AOSP-openjdk-git\hotspot\src\share\vm\classfile\systemDictionary.cpp, line 210]
Event: 9.061 Thread 0x000000001b2fb000 Exception <a 'java/lang/ClassNotFoundException': org/gradle/api/internal/project/AbstractPluginAwareCustomizer> (0x00000000d8da2eb8) thrown at [C:\src\AOSP-openjdk-git\hotspot\src\share\vm\classfile\systemDictionary.cpp, line 210]
Event: 9.062 Thread 0x000000001b2fb000 Exception <a 'java/lang/ClassNotFoundException': org/gradle/invocation/DefaultGradleCustomizer> (0x00000000d8dd7280) thrown at [C:\src\AOSP-openjdk-git\hotspot\src\share\vm\classfile\systemDictionary.cpp, line 210]
Event: 9.066 Thread 0x000000001b2fb000 Exception <a 'java/lang/ClassNotFoundException': org/gradle/invocation/DefaultGradle_DecoratedCustomizer> (0x00000000d8e4de28) thrown at [C:\src\AOSP-openjdk-git\hotspot\src\share\vm\classfile\systemDictionary.cpp, line 210]
Event: 9.679 Thread 0x000000001b2fb000 Exception <a 'java/lang/ClassNotFoundException': ijinit15_1shkoaqbhna49rdn30vq5ey0bBeanInfo> (0x00000000d5798810) thrown at [C:\src\AOSP-openjdk-git\hotspot\src\share\vm\classfile\systemDictionary.cpp, line 210]
Event: 9.680 Thread 0x000000001b2fb000 Exception <a 'java/lang/ClassNotFoundException': ijinit15_1shkoaqbhna49rdn30vq5ey0bCustomizer> (0x00000000d57a59c8) thrown at [C:\src\AOSP-openjdk-git\hotspot\src\share\vm\classfile\systemDictionary.cpp, line 210]

Events (10 events):
Event: 9.874 loading class org/gradle/model/dsl/internal/transform/SourceLocation
Event: 9.874 loading class org/gradle/model/dsl/internal/transform/SourceLocation done
Event: 9.874 loading class org/gradle/model/dsl/internal/transform/ClosureBackedRuleFactory
Event: 9.874 loading class org/gradle/model/dsl/internal/transform/ClosureBackedRuleFactory done
Event: 9.883 loading class org/codehaus/groovy/ast/tools/PropertyNodeUtils
Event: 9.883 loading class org/codehaus/groovy/ast/tools/PropertyNodeUtils done
Event: 9.884 loading class org/codehaus/groovy/classgen/FinalVariableAnalyzer$1
Event: 9.884 loading class org/codehaus/groovy/classgen/FinalVariableAnalyzer$1 done
Event: 9.886 loading class org/gradle/api/ProjectEvaluationListener
Event: 9.886 loading class org/gradle/api/ProjectEvaluationListener done


Dynamic libraries:
0x00007ff694d60000 - 0x00007ff694d91000 	C:\Program Files\Android\Android Studio\jre\bin\java.exe
0x00007fff0f4d0000 - 0x00007fff0f6c6000 	C:\WINDOWS\SYSTEM32\ntdll.dll
0x00007fff0e200000 - 0x00007fff0e2bd000 	C:\WINDOWS\System32\KERNEL32.DLL
0x00007fff0cdb0000 - 0x00007fff0d078000 	C:\WINDOWS\System32\KERNELBASE.dll
0x00007fff0d540000 - 0x00007fff0d5ea000 	C:\WINDOWS\System32\ADVAPI32.dll
0x00007fff0e000000 - 0x00007fff0e09e000 	C:\WINDOWS\System32\msvcrt.dll
0x00007fff0d920000 - 0x00007fff0d9bb000 	C:\WINDOWS\System32\sechost.dll
0x00007fff0d9c0000 - 0x00007fff0dae4000 	C:\WINDOWS\System32\RPCRT4.dll
0x00007fff0e3c0000 - 0x00007fff0e560000 	C:\WINDOWS\System32\USER32.dll
0x00007fff0d080000 - 0x00007fff0d0a2000 	C:\WINDOWS\System32\win32u.dll
0x00007fff0e5e0000 - 0x00007fff0e60a000 	C:\WINDOWS\System32\GDI32.dll
0x00007fff0d390000 - 0x00007fff0d499000 	C:\WINDOWS\System32\gdi32full.dll
0x00007fff0d4a0000 - 0x00007fff0d53d000 	C:\WINDOWS\System32\msvcp_win.dll
0x00007fff0d290000 - 0x00007fff0d390000 	C:\WINDOWS\System32\ucrtbase.dll
0x00007ffef4ec0000 - 0x00007ffef515b000 	C:\WINDOWS\WinSxS\amd64_microsoft.windows.common-controls_6595b64144ccf1df_6.0.19041.488_none_ca04af081b815d21\COMCTL32.dll
0x00007fff0e2e0000 - 0x00007fff0e310000 	C:\WINDOWS\System32\IMM32.DLL
0x0000000064f70000 - 0x0000000065042000 	C:\Program Files\Android\Android Studio\jre\jre\bin\msvcr100.dll
0x0000000065130000 - 0x000000006597b000 	C:\Program Files\Android\Android Studio\jre\jre\bin\server\jvm.dll
0x00007fff0e110000 - 0x00007fff0e118000 	C:\WINDOWS\System32\PSAPI.DLL
0x00007ffef3070000 - 0x00007ffef3097000 	C:\WINDOWS\SYSTEM32\WINMM.dll
0x00007ffeeddd0000 - 0x00007ffeeddd9000 	C:\WINDOWS\SYSTEM32\WSOCK32.dll
0x00007fff0f0c0000 - 0x00007fff0f12b000 	C:\WINDOWS\System32\WS2_32.dll
0x00007fff04020000 - 0x00007fff0402a000 	C:\WINDOWS\SYSTEM32\VERSION.dll
0x00007fff08080000 - 0x00007fff0808f000 	C:\Program Files\Android\Android Studio\jre\jre\bin\verify.dll
0x00007fff08050000 - 0x00007fff08079000 	C:\Program Files\Android\Android Studio\jre\jre\bin\java.dll
0x00007fff08010000 - 0x00007fff08026000 	C:\Program Files\Android\Android Studio\jre\jre\bin\zip.dll
0x00007fff0e980000 - 0x00007fff0f0c0000 	C:\WINDOWS\System32\SHELL32.dll
0x00007fff0ad50000 - 0x00007fff0b4e4000 	C:\WINDOWS\SYSTEM32\windows.storage.dll
0x00007fff0f130000 - 0x00007fff0f485000 	C:\WINDOWS\System32\combase.dll
0x00007fff0c5c0000 - 0x00007fff0c5ec000 	C:\WINDOWS\SYSTEM32\Wldp.dll
0x00007fff0e310000 - 0x00007fff0e3be000 	C:\WINDOWS\System32\SHCORE.dll
0x00007fff0e0b0000 - 0x00007fff0e105000 	C:\WINDOWS\System32\shlwapi.dll
0x00007fff0cb50000 - 0x00007fff0cb76000 	C:\WINDOWS\SYSTEM32\profapi.dll
0x00007fff07f50000 - 0x00007fff07f6a000 	C:\Program Files\Android\Android Studio\jre\jre\bin\net.dll
0x00007fff0c340000 - 0x00007fff0c3aa000 	C:\WINDOWS\system32\mswsock.dll
0x00007fff06b50000 - 0x00007fff06b63000 	C:\Program Files\Android\Android Studio\jre\jre\bin\nio.dll
0x00007ffef35e0000 - 0x00007ffef3606000 	C:\Users\Qamar\.gradle\native\31\windows-amd64\native-platform.dll
0x00007fff08040000 - 0x00007fff0804d000 	C:\Program Files\Android\Android Studio\jre\jre\bin\management.dll
0x00007fff0c510000 - 0x00007fff0c528000 	C:\WINDOWS\SYSTEM32\CRYPTSP.dll
0x00007fff0bcd0000 - 0x00007fff0bd04000 	C:\WINDOWS\system32\rsaenh.dll
0x00007fff0cc70000 - 0x00007fff0cc97000 	C:\WINDOWS\System32\bcrypt.dll
0x00007fff0cb10000 - 0x00007fff0cb3e000 	C:\WINDOWS\SYSTEM32\USERENV.dll
0x00007fff0d0b0000 - 0x00007fff0d12f000 	C:\WINDOWS\System32\bcryptprimitives.dll
0x00007fff0c530000 - 0x00007fff0c53c000 	C:\WINDOWS\SYSTEM32\CRYPTBASE.dll
0x00007fff0c030000 - 0x00007fff0c06b000 	C:\WINDOWS\SYSTEM32\IPHLPAPI.DLL
0x00007fff0daf0000 - 0x00007fff0daf9000 	C:\WINDOWS\System32\NSI.dll
0x00007fff0a360000 - 0x00007fff0a377000 	C:\WINDOWS\SYSTEM32\dhcpcsvc6.DLL
0x00007fff0a340000 - 0x00007fff0a35d000 	C:\WINDOWS\SYSTEM32\dhcpcsvc.DLL
0x00007fff0c070000 - 0x00007fff0c13b000 	C:\WINDOWS\SYSTEM32\DNSAPI.dll

VM Arguments:
jvm_args: -Xmx2048m -Dfile.encoding=windows-1252 -Duser.country=US -Duser.language=en -Duser.variant 
java_command: org.gradle.launcher.daemon.bootstrap.GradleDaemon 6.1.1
java_class_path (initial): C:\Users\Qamar\.gradle\wrapper\dists\gradle-6.1.1-all\cfmwm155h49vnt3hynmlrsdst\gradle-6.1.1\lib\gradle-launcher-6.1.1.jar
Launcher Type: SUN_STANDARD

Environment Variables:
PATH=C:\Program Files (x86)\Common Files\Oracle\Java\javapath;C:\WINDOWS\system32;C:\WINDOWS;C:\WINDOWS\System32\Wbem;C:\WINDOWS\System32\WindowsPowerShell\v1.0\;C:\Program Files\Git\cmd;C:\ProgramData\chocolatey\bin;C:\xampp\php;C:\ProgramData\ComposerSetup\bin;C:\WINDOWS\System32\OpenSSH\;C:\Program Files\Java\jdk1.8.0_221\bin;C:\Program Files\nodejs\;C:\Windows\system32;C:\Windows;C:\Windows\System32\Wbem;C:\Windows\System32\WindowsPowerShell\v1.0\;C:\Users\Qamar\AppData\Local\Microsoft\WindowsApps;E:\Flutter\bin;C:\Program Files\android-sdk-windows\platform-tools;C:\Users\Qamar\AppData\Local\Programs\Microsoft VS Code\bin;C:\Users\Qamar\AppData\Local\.meteor;C:\Users\Qamar\AppData\Roaming\Composer\vendor\bin;E:\Android\platform-tools;C:\Program Files\Android\Android Studio\jre\bin;C:\Users\Qamar\AppData\Roaming\npm;C:\adb;%SystemRoot%\system32;%SystemRoot%;%SystemRoot%\System32\Wbem;%SYSTEMROOT%\System32\WindowsPowerShell\v1.0\;%SYSTEMROOT%\System32\OpenSSH\;C:\Windows\system32;C:\Windows;C:\Windows\System32\Wbem;C:\Windows\System32\WindowsPowerShell\v1.0\;C:\Program Files\Git\cmd;C:\Users\Qamar\AppData\Local\Microsoft\WindowsApps;E:\Flutter\bin;C:\Program Files\android-sdk-windows\platform-tools;C:\Users\Qamar\AppData\Local\Programs\Microsoft VS Code\bin;C:\Users\Qamar\AppData\Local\.meteor;C:\Users\Qamar\AppData\Roaming\Composer\vendor\bin;C:\ProgramData\ComposerSetup\bin;C:\Users\Qamar\AppData\Local\Microsoft\WindowsApps;E:\Android\platform-tools;C:\Program Files\Android\Android Studio\jre\bin;C:\Program Files\Java\jdk1.8.0_221\bin;C:\Users\Qamar\AppData\Roaming\npm;
USERNAME=Qamar
OS=Windows_NT
PROCESSOR_IDENTIFIER=Intel64 Family 6 Model 142 Stepping 9, GenuineIntel



---------------  S Y S T E M  ---------------

OS: Windows 10.0 , 64 bit Build 19041 (10.0.19041.546)

CPU:total 4 (initial active 4) (2 cores per cpu, 2 threads per core) family 6 model 142 stepping 9, cmov, cx8, fxsr, mmx, sse, sse2, sse3, ssse3, sse4.1, sse4.2, popcnt, avx, avx2, aes, clmul, erms, 3dnowpref, lzcnt, ht, tsc, tscinvbit, bmi1, bmi2, adx

Memory: 4k page, physical 8303440k(260592k free), swap 33469264k(2372k free)

vm_info: OpenJDK 64-Bit Server VM (25.242-b01) for windows-amd64 JRE (1.8.0_242-release-1644-b01), built by "builder" with MS VC++ 10.0 (VS2010)

time: Tue Oct 27 14:12:02 2020
timezone: West Bank Gaza Daylight Time
elapsed time: 9 seconds (0d 0h 0m 9s)

